<?xml version="1.0" encoding="UTF-8"?>
<!-- Generated by org.testng.reporters.JUnitReportReporter -->
<testsuite hostname="LAPTOP-O2SPC5C9" failures="0" tests="2" name="com.api.tests.UserUpdationTest" time="0.065" errors="0" timestamp="2025-07-29T12:15:54 IST" skipped="0">
  <testcase classname="com.api.tests.UserUpdationTest" name="testUpdateUserWithToken" time="0.045"/>
  <testcase classname="com.api.tests.UserUpdationTest" name="testUpdateUserWithOutIdPassed" time="0.020"/>
</testsuite> <!-- com.api.tests.UserUpdationTest -->
