<?xml version="1.0" encoding="UTF-8"?>
<!-- Generated by org.testng.reporters.JUnitReportReporter -->
<testsuite hostname="LAPTOP-O2SPC5C9" failures="0" tests="2" name="com.api.tests.UsersListTesting" time="0.119" errors="0" timestamp="2025-07-29T12:15:54 IST" skipped="0">
  <testcase classname="com.api.tests.UsersListTesting" name="testUsersListWithToken" time="0.101"/>
  <testcase classname="com.api.tests.UsersListTesting" name="testUsersListWithOutToken" time="0.018"/>
</testsuite> <!-- com.api.tests.UsersListTesting -->
