<?xml version="1.0" encoding="UTF-8"?>
<!-- Generated by org.testng.reporters.JUnitReportReporter -->
<testsuite hostname="LAPTOP-O2SPC5C9" failures="0" tests="2" name="com.api.tests.UserCreationTest" time="0.112" errors="0" timestamp="2025-07-29T12:15:54 IST" skipped="0">
  <testcase classname="com.api.tests.UserCreationTest" name="testCreateUserWithToken" time="0.094"/>
  <testcase classname="com.api.tests.UserCreationTest" name="testCreateUserWithOutToken" time="0.018"/>
</testsuite> <!-- com.api.tests.UserCreationTest -->
